{"meta": {"version": "7.1.0", "timestamp": "2023-02-12T16:43:34.084977", "branch_coverage": false, "show_contexts": false}, "files": {"test_api.py": {"executed_lines": [1, 2, 3, 4, 5, 6, 7, 8, 10, 12, 15, 16, 17, 19, 20, 21, 24, 25, 26, 27, 28, 31, 32, 33, 35, 36, 38, 39, 41, 42, 44, 45, 46, 49, 50, 51, 85, 90, 91, 92, 93, 94, 95, 96, 97, 103, 105, 106, 107, 110, 117, 121, 139, 142, 145, 159, 160, 163, 169, 171, 172, 173, 174, 175, 176, 177, 178, 179, 180, 182, 183, 184, 185, 187, 188, 189, 190, 191, 192, 193, 194, 195, 197, 198, 199, 200, 201, 203, 204, 205, 206, 208, 209, 210, 211, 213, 214, 215, 216, 219, 220, 221, 222, 223, 225, 226, 227, 228, 233, 237, 238, 239, 244, 245, 246, 247, 248, 250, 254, 255, 256, 261, 262, 266, 267, 268, 269, 271], "summary": {"covered_lines": 128, "num_statements": 156, "percent_covered": 82.05128205128206, "percent_covered_display": "82", "missing_lines": 28, "excluded_lines": 0}, "missing_lines": [54, 55, 56, 57, 58, 59, 62, 63, 65, 66, 71, 72, 74, 75, 76, 77, 78, 79, 80, 81, 83, 87, 99, 101, 263, 264, 265, 272], "excluded_lines": []}}, "totals": {"covered_lines": 128, "num_statements": 156, "percent_covered": 82.05128205128206, "percent_covered_display": "82", "missing_lines": 28, "excluded_lines": 0}}